# JRE version: OpenJDK Runtime Environment Temurin-17.0.3+7 (17.0.3+7) (build 17.0.3+7)
# Java VM: OpenJDK 64-Bit Server VM Temurin-17.0.3+7 (17.0.3+7, mixed mode, sharing, tiered, compressed oops, compressed class ptrs, g1 gc, windows-amd64)
GC Precious Log:
 CPUs: 24 total, 24 available
 Memory: 31899M
 Large Page Support: Disabled
 NUMA Support: Disabled
 Compressed Oops: Enabled (Zero based)
 Heap Region Size: 4M
 Heap Min Capacity: 8M
 Heap Initial Capacity: 500M
 Heap Max Capacity: 7976M
 Pre-touch: Disabled
 Parallel Workers: 18
 Concurrent Workers: 5
 Concurrent Refinement Workers: 18
 Periodic GC: Disabled
Heap:
 garbage-first heap   total 425984K, used 272156K [0x000000060d800000, 0x0000000800000000)
  region size 4096K, 31 young (126976K), 2 survivors (8192K)
 Metaspace       used 65752K, committed 66880K, reserved 1105920K
  class space    used 9955K, committed 10432K, reserved 1048576K
GC Heap History (20 events):
Event: 2.382 GC heap before
{Heap before GC invocations=8 (full 0):
 garbage-first heap   total 221184K, used 70753K [0x000000060d800000, 0x0000000800000000)
  region size 4096K, 5 young (20480K), 4 survivors (16384K)
 Metaspace       used 25869K, committed 26560K, reserved 1073152K
  class space    used 3178K, committed 3456K, reserved 1048576K
}
Event: 2.386 GC heap after
{Heap after GC invocations=9 (full 0):
 garbage-first heap   total 221184K, used 68978K [0x000000060d800000, 0x0000000800000000)
  region size 4096K, 1 young (4096K), 1 survivors (4096K)
 Metaspace       used 25869K, committed 26560K, reserved 1073152K
  class space    used 3178K, committed 3456K, reserved 1048576K
}
Event: 2.489 GC heap before
{Heap before GC invocations=9 (full 0):
 garbage-first heap   total 221184K, used 154994K [0x000000060d800000, 0x0000000800000000)
  region size 4096K, 22 young (90112K), 1 survivors (4096K)
 Metaspace       used 26904K, committed 27712K, reserved 1073152K
  class space    used 3299K, committed 3712K, reserved 1048576K
}
Event: 2.491 GC heap after
{Heap after GC invocations=10 (full 0):
 garbage-first heap   total 442368K, used 68063K [0x000000060d800000, 0x0000000800000000)
  region size 4096K, 1 young (4096K), 1 survivors (4096K)
 Metaspace       used 26904K, committed 27712K, reserved 1073152K
  class space    used 3299K, committed 3712K, reserved 1048576K
}
Event: 2.694 GC heap before
{Heap before GC invocations=10 (full 0):
 garbage-first heap   total 442368K, used 326111K [0x000000060d800000, 0x0000000800000000)
  region size 4096K, 64 young (262144K), 1 survivors (4096K)
 Metaspace       used 27553K, committed 28352K, reserved 1081344K
  class space    used 3400K, committed 3776K, reserved 1048576K
}
Event: 2.696 GC heap after
{Heap after GC invocations=11 (full 0):
 garbage-first heap   total 442368K, used 69445K [0x000000060d800000, 0x0000000800000000)
  region size 4096K, 1 young (4096K), 1 survivors (4096K)
 Metaspace       used 27553K, committed 28352K, reserved 1081344K
  class space    used 3400K, committed 3776K, reserved 1048576K
}
Event: 2.957 GC heap before
{Heap before GC invocations=11 (full 0):
 garbage-first heap   total 442368K, used 339781K [0x000000060d800000, 0x0000000800000000)
  region size 4096K, 64 young (262144K), 1 survivors (4096K)
 Metaspace       used 30921K, committed 31744K, reserved 1081344K
  class space    used 3843K, committed 4224K, reserved 1048576K
}
Event: 2.959 GC heap after
{Heap after GC invocations=12 (full 0):
 garbage-first heap   total 442368K, used 86593K [0x000000060d800000, 0x0000000800000000)
  region size 4096K, 2 young (8192K), 2 survivors (8192K)
 Metaspace       used 30921K, committed 31744K, reserved 1081344K
  class space    used 3843K, committed 4224K, reserved 1048576K
}
Event: 3.369 GC heap before
{Heap before GC invocations=12 (full 0):
 garbage-first heap   total 442368K, used 172609K [0x000000060d800000, 0x0000000800000000)
  region size 4096K, 24 young (98304K), 2 survivors (8192K)
 Metaspace       used 35276K, committed 36160K, reserved 1081344K
  class space    used 4374K, committed 4800K, reserved 1048576K
}
Event: 3.371 GC heap after
{Heap after GC invocations=13 (full 0):
 garbage-first heap   total 442368K, used 88401K [0x000000060d800000, 0x0000000800000000)
  region size 4096K, 3 young (12288K), 3 survivors (12288K)
 Metaspace       used 35276K, committed 36160K, reserved 1081344K
  class space    used 4374K, committed 4800K, reserved 1048576K
}
Event: 3.751 GC heap before
{Heap before GC invocations=14 (full 0):
 garbage-first heap   total 327680K, used 272721K [0x000000060d800000, 0x0000000800000000)
  region size 4096K, 48 young (196608K), 3 survivors (12288K)
 Metaspace       used 41589K, committed 42624K, reserved 1089536K
  class space    used 5498K, committed 5952K, reserved 1048576K
}
Event: 3.758 GC heap after
{Heap after GC invocations=15 (full 0):
 garbage-first heap   total 327680K, used 101792K [0x000000060d800000, 0x0000000800000000)
  region size 4096K, 6 young (24576K), 6 survivors (24576K)
 Metaspace       used 41589K, committed 42624K, reserved 1089536K
  class space    used 5498K, committed 5952K, reserved 1048576K
}
Event: 3.883 GC heap before
{Heap before GC invocations=15 (full 0):
 garbage-first heap   total 327680K, used 261536K [0x000000060d800000, 0x0000000800000000)
  region size 4096K, 45 young (184320K), 6 survivors (24576K)
 Metaspace       used 42082K, committed 43072K, reserved 1089536K
  class space    used 5581K, committed 6016K, reserved 1048576K
}
Event: 3.894 GC heap after
{Heap after GC invocations=16 (full 0):
 garbage-first heap   total 327680K, used 118249K [0x000000060d800000, 0x0000000800000000)
  region size 4096K, 5 young (20480K), 5 survivors (20480K)
 Metaspace       used 42082K, committed 43072K, reserved 1089536K
  class space    used 5581K, committed 6016K, reserved 1048576K
}
Event: 4.160 GC heap before
{Heap before GC invocations=16 (full 0):
 garbage-first heap   total 327680K, used 253417K [0x000000060d800000, 0x0000000800000000)
  region size 4096K, 38 young (155648K), 5 survivors (20480K)
 Metaspace       used 46943K, committed 47936K, reserved 1097728K
  class space    used 6298K, committed 6720K, reserved 1048576K
}
Event: 4.165 GC heap after
{Heap after GC invocations=17 (full 0):
 garbage-first heap   total 327680K, used 132356K [0x000000060d800000, 0x0000000800000000)
  region size 4096K, 4 young (16384K), 4 survivors (16384K)
 Metaspace       used 46943K, committed 47936K, reserved 1097728K
  class space    used 6298K, committed 6720K, reserved 1048576K
}
Event: 4.531 GC heap before
{Heap before GC invocations=17 (full 0):
 garbage-first heap   total 327680K, used 255236K [0x000000060d800000, 0x0000000800000000)
  region size 4096K, 34 young (139264K), 4 survivors (16384K)
 Metaspace       used 54992K, committed 56064K, reserved 1097728K
  class space    used 8109K, committed 8576K, reserved 1048576K
}
Event: 4.537 GC heap after
{Heap after GC invocations=18 (full 0):
 garbage-first heap   total 425984K, used 150517K [0x000000060d800000, 0x0000000800000000)
  region size 4096K, 5 young (20480K), 5 survivors (20480K)
 Metaspace       used 54992K, committed 56064K, reserved 1097728K
  class space    used 8109K, committed 8576K, reserved 1048576K
}
Event: 4.835 GC heap before
{Heap before GC invocations=18 (full 0):
 garbage-first heap   total 425984K, used 257013K [0x000000060d800000, 0x0000000800000000)
  region size 4096K, 32 young (131072K), 5 survivors (20480K)
 Metaspace       used 59634K, committed 60736K, reserved 1105920K
  class space    used 8980K, committed 9472K, reserved 1048576K
}
Event: 4.838 GC heap after
{Heap after GC invocations=19 (full 0):
 garbage-first heap   total 425984K, used 157468K [0x000000060d800000, 0x0000000800000000)
  region size 4096K, 2 young (8192K), 2 survivors (8192K)
 Metaspace       used 59634K, committed 60736K, reserved 1105920K
  class space    used 8980K, committed 9472K, reserved 1048576K
}

