# JRE version: OpenJDK Runtime Environment Temurin-17.0.3+7 (17.0.3+7) (build 17.0.3+7)
# Java VM: OpenJDK 64-Bit Server VM Temurin-17.0.3+7 (17.0.3+7, mixed mode, sharing, tiered, compressed oops, compressed class ptrs, g1 gc, windows-amd64)
GC Precious Log:
 CPUs: 24 total, 24 available
 Memory: 31899M
 Large Page Support: Disabled
 NUMA Support: Disabled
 Compressed Oops: Enabled (Zero based)
 Heap Region Size: 4M
 Heap Min Capacity: 8M
 Heap Initial Capacity: 500M
 Heap Max Capacity: 7976M
 Pre-touch: Disabled
 Parallel Workers: 18
 Concurrent Workers: 5
 Concurrent Refinement Workers: 18
 Periodic GC: Disabled
Heap:
 garbage-first heap   total 561152K, used 272744K [0x000000060d800000, 0x0000000800000000)
  region size 4096K, 33 young (135168K), 3 survivors (12288K)
 Metaspace       used 65892K, committed 67072K, reserved 1105920K
  class space    used 9954K, committed 10496K, reserved 1048576K
GC Heap History (20 events):
Event: 2.413 GC heap before
{Heap before GC invocations=10 (full 0):
 garbage-first heap   total 266240K, used 194471K [0x000000060d800000, 0x0000000800000000)
  region size 4096K, 32 young (131072K), 1 survivors (4096K)
 Metaspace       used 27465K, committed 28288K, reserved 1081344K
  class space    used 3383K, committed 3776K, reserved 1048576K
}
Event: 2.413 GC heap after
{Heap after GC invocations=11 (full 0):
 garbage-first heap   total 266240K, used 67839K [0x000000060d800000, 0x0000000800000000)
  region size 4096K, 1 young (4096K), 1 survivors (4096K)
 Metaspace       used 27465K, committed 28288K, reserved 1081344K
  class space    used 3383K, committed 3776K, reserved 1048576K
}
Event: 2.651 GC heap before
{Heap before GC invocations=11 (full 0):
 garbage-first heap   total 266240K, used 215295K [0x000000060d800000, 0x0000000800000000)
  region size 4096K, 34 young (139264K), 1 survivors (4096K)
 Metaspace       used 30615K, committed 31488K, reserved 1081344K
  class space    used 3809K, committed 4224K, reserved 1048576K
}
Event: 2.653 GC heap after
{Heap after GC invocations=12 (full 0):
 garbage-first heap   total 266240K, used 82185K [0x000000060d800000, 0x0000000800000000)
  region size 4096K, 2 young (8192K), 2 survivors (8192K)
 Metaspace       used 30615K, committed 31488K, reserved 1081344K
  class space    used 3809K, committed 4224K, reserved 1048576K
}
Event: 2.888 GC heap before
{Heap before GC invocations=12 (full 0):
 garbage-first heap   total 266240K, used 205065K [0x000000060d800000, 0x0000000800000000)
  region size 4096K, 32 young (131072K), 2 survivors (8192K)
 Metaspace       used 31813K, committed 32704K, reserved 1081344K
  class space    used 3987K, committed 4416K, reserved 1048576K
}
Event: 2.890 GC heap after
{Heap after GC invocations=13 (full 0):
 garbage-first heap   total 266240K, used 84759K [0x000000060d800000, 0x0000000800000000)
  region size 4096K, 2 young (8192K), 2 survivors (8192K)
 Metaspace       used 31813K, committed 32704K, reserved 1081344K
  class space    used 3987K, committed 4416K, reserved 1048576K
}
Event: 3.067 GC heap before
{Heap before GC invocations=13 (full 0):
 garbage-first heap   total 266240K, used 211735K [0x000000060d800000, 0x0000000800000000)
  region size 4096K, 33 young (135168K), 2 survivors (8192K)
 Metaspace       used 34574K, committed 35456K, reserved 1081344K
  class space    used 4265K, committed 4672K, reserved 1048576K
}
Event: 3.069 GC heap after
{Heap after GC invocations=14 (full 0):
 garbage-first heap   total 266240K, used 86889K [0x000000060d800000, 0x0000000800000000)
  region size 4096K, 3 young (12288K), 3 survivors (12288K)
 Metaspace       used 34574K, committed 35456K, reserved 1081344K
  class space    used 4265K, committed 4672K, reserved 1048576K
}
Event: 3.109 GC heap before
{Heap before GC invocations=14 (full 0):
 garbage-first heap   total 266240K, used 115561K [0x000000060d800000, 0x0000000800000000)
  region size 4096K, 11 young (45056K), 3 survivors (12288K)
 Metaspace       used 35278K, committed 36224K, reserved 1081344K
  class space    used 4359K, committed 4736K, reserved 1048576K
}
Event: 3.111 GC heap after
{Heap after GC invocations=15 (full 0):
 garbage-first heap   total 266240K, used 87668K [0x000000060d800000, 0x0000000800000000)
  region size 4096K, 3 young (12288K), 3 survivors (12288K)
 Metaspace       used 35278K, committed 36224K, reserved 1081344K
  class space    used 4359K, committed 4736K, reserved 1048576K
}
Event: 3.381 GC heap before
{Heap before GC invocations=16 (full 0):
 garbage-first heap   total 266240K, used 214644K [0x000000060d800000, 0x0000000800000000)
  region size 4096K, 34 young (139264K), 3 survivors (12288K)
 Metaspace       used 40311K, committed 41280K, reserved 1089536K
  class space    used 5278K, committed 5696K, reserved 1048576K
}
Event: 3.385 GC heap after
{Heap after GC invocations=17 (full 0):
 garbage-first heap   total 266240K, used 93042K [0x000000060d800000, 0x0000000800000000)
  region size 4096K, 4 young (16384K), 4 survivors (16384K)
 Metaspace       used 40311K, committed 41280K, reserved 1089536K
  class space    used 5278K, committed 5696K, reserved 1048576K
}
Event: 3.402 GC heap before
{Heap before GC invocations=17 (full 0):
 garbage-first heap   total 266240K, used 97138K [0x000000060d800000, 0x0000000800000000)
  region size 4096K, 5 young (20480K), 4 survivors (16384K)
 Metaspace       used 40483K, committed 41408K, reserved 1089536K
  class space    used 5307K, committed 5696K, reserved 1048576K
}
Event: 3.408 GC heap after
{Heap after GC invocations=18 (full 0):
 garbage-first heap   total 266240K, used 93899K [0x000000060d800000, 0x0000000800000000)
  region size 4096K, 1 young (4096K), 1 survivors (4096K)
 Metaspace       used 40483K, committed 41408K, reserved 1089536K
  class space    used 5307K, committed 5696K, reserved 1048576K
}
Event: 3.581 GC heap before
{Heap before GC invocations=18 (full 0):
 garbage-first heap   total 266240K, used 216779K [0x000000060d800000, 0x0000000800000000)
  region size 4096K, 31 young (126976K), 1 survivors (4096K)
 Metaspace       used 41925K, committed 42880K, reserved 1089536K
  class space    used 5540K, committed 5952K, reserved 1048576K
}
Event: 3.586 GC heap after
{Heap after GC invocations=19 (full 0):
 garbage-first heap   total 589824K, used 104865K [0x000000060d800000, 0x0000000800000000)
  region size 4096K, 4 young (16384K), 4 survivors (16384K)
 Metaspace       used 41925K, committed 42880K, reserved 1089536K
  class space    used 5540K, committed 5952K, reserved 1048576K
}
Event: 4.249 GC heap before
{Heap before GC invocations=19 (full 0):
 garbage-first heap   total 589824K, used 440737K [0x000000060d800000, 0x0000000800000000)
  region size 4096K, 86 young (352256K), 4 survivors (16384K)
 Metaspace       used 52209K, committed 53248K, reserved 1097728K
  class space    used 7484K, committed 7936K, reserved 1048576K
}
Event: 4.256 GC heap after
{Heap after GC invocations=20 (full 0):
 garbage-first heap   total 589824K, used 143076K [0x000000060d800000, 0x0000000800000000)
  region size 4096K, 11 young (45056K), 11 survivors (45056K)
 Metaspace       used 52209K, committed 53248K, reserved 1097728K
  class space    used 7484K, committed 7936K, reserved 1048576K
}
Event: 4.632 GC heap before
{Heap before GC invocations=20 (full 0):
 garbage-first heap   total 589824K, used 278244K [0x000000060d800000, 0x0000000800000000)
  region size 4096K, 45 young (184320K), 11 survivors (45056K)
 Metaspace       used 59489K, committed 60608K, reserved 1105920K
  class space    used 8924K, committed 9408K, reserved 1048576K
}
Event: 4.639 GC heap after
{Heap after GC invocations=21 (full 0):
 garbage-first heap   total 589824K, used 153960K [0x000000060d800000, 0x0000000800000000)
  region size 4096K, 3 young (12288K), 3 survivors (12288K)
 Metaspace       used 59489K, committed 60608K, reserved 1105920K
  class space    used 8924K, committed 9408K, reserved 1048576K
}

