# JRE version: OpenJDK Runtime Environment Temurin-17.0.3+7 (17.0.3+7) (build 17.0.3+7)
# Java VM: OpenJDK 64-Bit Server VM Temurin-17.0.3+7 (17.0.3+7, mixed mode, sharing, tiered, compressed oops, compressed class ptrs, g1 gc, windows-amd64)
GC Precious Log:
 CPUs: 24 total, 24 available
 Memory: 31899M
 Large Page Support: Disabled
 NUMA Support: Disabled
 Compressed Oops: Enabled (Zero based)
 Heap Region Size: 4M
 Heap Min Capacity: 8M
 Heap Initial Capacity: 500M
 Heap Max Capacity: 7976M
 Pre-touch: Disabled
 Parallel Workers: 18
 Concurrent Workers: 5
 Concurrent Refinement Workers: 18
 Periodic GC: Disabled
Heap:
 garbage-first heap   total 548864K, used 265581K [0x000000060d800000, 0x0000000800000000)
  region size 4096K, 39 young (159744K), 10 survivors (40960K)
 Metaspace       used 65731K, committed 66880K, reserved 1105920K
  class space    used 9944K, committed 10432K, reserved 1048576K
GC Heap History (20 events):
Event: 2.236 GC heap before
{Heap before GC invocations=9 (full 0):
 garbage-first heap   total 245760K, used 186867K [0x000000060d800000, 0x0000000800000000)
  region size 4096K, 30 young (122880K), 1 survivors (4096K)
 Metaspace       used 27063K, committed 27904K, reserved 1073152K
  class space    used 3337K, committed 3712K, reserved 1048576K
}
Event: 2.237 GC heap after
{Heap after GC invocations=10 (full 0):
 garbage-first heap   total 245760K, used 67560K [0x000000060d800000, 0x0000000800000000)
  region size 4096K, 1 young (4096K), 1 survivors (4096K)
 Metaspace       used 27063K, committed 27904K, reserved 1073152K
  class space    used 3337K, committed 3712K, reserved 1048576K
}
Event: 2.309 GC heap before
{Heap before GC invocations=10 (full 0):
 garbage-first heap   total 245760K, used 190440K [0x000000060d800000, 0x0000000800000000)
  region size 4096K, 31 young (126976K), 1 survivors (4096K)
 Metaspace       used 27292K, committed 28160K, reserved 1073152K
  class space    used 3367K, committed 3776K, reserved 1048576K
}
Event: 2.310 GC heap after
{Heap after GC invocations=11 (full 0):
 garbage-first heap   total 245760K, used 68138K [0x000000060d800000, 0x0000000800000000)
  region size 4096K, 1 young (4096K), 1 survivors (4096K)
 Metaspace       used 27292K, committed 28160K, reserved 1073152K
  class space    used 3367K, committed 3776K, reserved 1048576K
}
Event: 2.460 GC heap before
{Heap before GC invocations=11 (full 0):
 garbage-first heap   total 245760K, used 195114K [0x000000060d800000, 0x0000000800000000)
  region size 4096K, 32 young (131072K), 1 survivors (4096K)
 Metaspace       used 29206K, committed 30016K, reserved 1081344K
  class space    used 3644K, committed 4032K, reserved 1048576K
}
Event: 2.462 GC heap after
{Heap after GC invocations=12 (full 0):
 garbage-first heap   total 245760K, used 69979K [0x000000060d800000, 0x0000000800000000)
  region size 4096K, 2 young (8192K), 2 survivors (8192K)
 Metaspace       used 29206K, committed 30016K, reserved 1081344K
  class space    used 3644K, committed 4032K, reserved 1048576K
}
Event: 2.612 GC heap before
{Heap before GC invocations=12 (full 0):
 garbage-first heap   total 245760K, used 209243K [0x000000060d800000, 0x0000000800000000)
  region size 4096K, 33 young (135168K), 2 survivors (8192K)
 Metaspace       used 31198K, committed 32064K, reserved 1081344K
  class space    used 3903K, committed 4288K, reserved 1048576K
}
Event: 2.614 GC heap after
{Heap after GC invocations=13 (full 0):
 garbage-first heap   total 294912K, used 85123K [0x000000060d800000, 0x0000000800000000)
  region size 4096K, 2 young (8192K), 2 survivors (8192K)
 Metaspace       used 31198K, committed 32064K, reserved 1081344K
  class space    used 3903K, committed 4288K, reserved 1048576K
}
Event: 3.076 GC heap before
{Heap before GC invocations=13 (full 0):
 garbage-first heap   total 294912K, used 208003K [0x000000060d800000, 0x0000000800000000)
  region size 4096K, 33 young (135168K), 2 survivors (8192K)
 Metaspace       used 35253K, committed 36160K, reserved 1081344K
  class space    used 4372K, committed 4800K, reserved 1048576K
}
Event: 3.079 GC heap after
{Heap after GC invocations=14 (full 0):
 garbage-first heap   total 294912K, used 87409K [0x000000060d800000, 0x0000000800000000)
  region size 4096K, 3 young (12288K), 3 survivors (12288K)
 Metaspace       used 35253K, committed 36160K, reserved 1081344K
  class space    used 4372K, committed 4800K, reserved 1048576K
}
Event: 3.415 GC heap before
{Heap before GC invocations=15 (full 0):
 garbage-first heap   total 294912K, used 243057K [0x000000060d800000, 0x0000000800000000)
  region size 4096K, 41 young (167936K), 3 survivors (12288K)
 Metaspace       used 41148K, committed 42112K, reserved 1089536K
  class space    used 5434K, committed 5888K, reserved 1048576K
}
Event: 3.422 GC heap after
{Heap after GC invocations=16 (full 0):
 garbage-first heap   total 294912K, used 97664K [0x000000060d800000, 0x0000000800000000)
  region size 4096K, 5 young (20480K), 5 survivors (20480K)
 Metaspace       used 41148K, committed 42112K, reserved 1089536K
  class space    used 5434K, committed 5888K, reserved 1048576K
}
Event: 3.426 GC heap before
{Heap before GC invocations=16 (full 0):
 garbage-first heap   total 294912K, used 101760K [0x000000060d800000, 0x0000000800000000)
  region size 4096K, 6 young (24576K), 5 survivors (20480K)
 Metaspace       used 41180K, committed 42176K, reserved 1089536K
  class space    used 5436K, committed 5888K, reserved 1048576K
}
Event: 3.432 GC heap after
{Heap after GC invocations=17 (full 0):
 garbage-first heap   total 294912K, used 100112K [0x000000060d800000, 0x0000000800000000)
  region size 4096K, 1 young (4096K), 1 survivors (4096K)
 Metaspace       used 41180K, committed 42176K, reserved 1089536K
  class space    used 5436K, committed 5888K, reserved 1048576K
}
Event: 3.562 GC heap before
{Heap before GC invocations=17 (full 0):
 garbage-first heap   total 294912K, used 239376K [0x000000060d800000, 0x0000000800000000)
  region size 4096K, 35 young (143360K), 1 survivors (4096K)
 Metaspace       used 41932K, committed 42880K, reserved 1089536K
  class space    used 5559K, committed 6016K, reserved 1048576K
}
Event: 3.567 GC heap after
{Heap after GC invocations=18 (full 0):
 garbage-first heap   total 294912K, used 112457K [0x000000060d800000, 0x0000000800000000)
  region size 4096K, 4 young (16384K), 4 survivors (16384K)
 Metaspace       used 41932K, committed 42880K, reserved 1089536K
  class space    used 5559K, committed 6016K, reserved 1048576K
}
Event: 3.699 GC heap before
{Heap before GC invocations=18 (full 0):
 garbage-first heap   total 294912K, used 231241K [0x000000060d800000, 0x0000000800000000)
  region size 4096K, 33 young (135168K), 4 survivors (16384K)
 Metaspace       used 43117K, committed 44096K, reserved 1089536K
  class space    used 5757K, committed 6208K, reserved 1048576K
}
Event: 3.706 GC heap after
{Heap after GC invocations=19 (full 0):
 garbage-first heap   total 667648K, used 124165K [0x000000060d800000, 0x0000000800000000)
  region size 4096K, 3 young (12288K), 3 survivors (12288K)
 Metaspace       used 43117K, committed 44096K, reserved 1089536K
  class space    used 5757K, committed 6208K, reserved 1048576K
}
Event: 4.610 GC heap before
{Heap before GC invocations=19 (full 0):
 garbage-first heap   total 667648K, used 406789K [0x000000060d800000, 0x0000000800000000)
  region size 4096K, 73 young (299008K), 3 survivors (12288K)
 Metaspace       used 59524K, committed 60608K, reserved 1105920K
  class space    used 8950K, committed 9408K, reserved 1048576K
}
Event: 4.616 GC heap after
{Heap after GC invocations=20 (full 0):
 garbage-first heap   total 667648K, used 150893K [0x000000060d800000, 0x0000000800000000)
  region size 4096K, 10 young (40960K), 10 survivors (40960K)
 Metaspace       used 59524K, committed 60608K, reserved 1105920K
  class space    used 8950K, committed 9408K, reserved 1048576K
}

