# JRE version: OpenJDK Runtime Environment Temurin-17.0.3+7 (17.0.3+7) (build 17.0.3+7)
# Java VM: OpenJDK 64-Bit Server VM Temurin-17.0.3+7 (17.0.3+7, mixed mode, sharing, tiered, compressed oops, compressed class ptrs, g1 gc, windows-amd64)
GC Precious Log:
 CPUs: 24 total, 24 available
 Memory: 31899M
 Large Page Support: Disabled
 NUMA Support: Disabled
 Compressed Oops: Enabled (Zero based)
 Heap Region Size: 4M
 Heap Min Capacity: 8M
 Heap Initial Capacity: 500M
 Heap Max Capacity: 7976M
 Pre-touch: Disabled
 Parallel Workers: 18
 Concurrent Workers: 5
 Concurrent Refinement Workers: 18
 Periodic GC: Disabled
Heap:
 garbage-first heap   total 442368K, used 265040K [0x000000060d800000, 0x0000000800000000)
  region size 4096K, 30 young (122880K), 2 survivors (8192K)
 Metaspace       used 65777K, committed 66944K, reserved 1105920K
  class space    used 9956K, committed 10432K, reserved 1048576K
GC Heap History (20 events):
Event: 2.720 GC heap before
{Heap before GC invocations=10 (full 0):
 garbage-first heap   total 266240K, used 201839K [0x000000060d800000, 0x0000000800000000)
  region size 4096K, 35 young (143360K), 1 survivors (4096K)
 Metaspace       used 27785K, committed 28672K, reserved 1081344K
  class space    used 3433K, committed 3840K, reserved 1048576K
}
Event: 2.722 GC heap after
{Heap after GC invocations=11 (full 0):
 garbage-first heap   total 266240K, used 67371K [0x000000060d800000, 0x0000000800000000)
  region size 4096K, 1 young (4096K), 1 survivors (4096K)
 Metaspace       used 27785K, committed 28672K, reserved 1081344K
  class space    used 3433K, committed 3840K, reserved 1048576K
}
Event: 2.917 GC heap before
{Heap before GC invocations=11 (full 0):
 garbage-first heap   total 266240K, used 223019K [0x000000060d800000, 0x0000000800000000)
  region size 4096K, 36 young (147456K), 1 survivors (4096K)
 Metaspace       used 30103K, committed 30976K, reserved 1081344K
  class space    used 3731K, committed 4096K, reserved 1048576K
}
Event: 2.919 GC heap after
{Heap after GC invocations=12 (full 0):
 garbage-first heap   total 266240K, used 82416K [0x000000060d800000, 0x0000000800000000)
  region size 4096K, 2 young (8192K), 2 survivors (8192K)
 Metaspace       used 30103K, committed 30976K, reserved 1081344K
  class space    used 3731K, committed 4096K, reserved 1048576K
}
Event: 3.095 GC heap before
{Heap before GC invocations=12 (full 0):
 garbage-first heap   total 266240K, used 213488K [0x000000060d800000, 0x0000000800000000)
  region size 4096K, 34 young (139264K), 2 survivors (8192K)
 Metaspace       used 31579K, committed 32512K, reserved 1081344K
  class space    used 3953K, committed 4352K, reserved 1048576K
}
Event: 3.098 GC heap after
{Heap after GC invocations=13 (full 0):
 garbage-first heap   total 266240K, used 85295K [0x000000060d800000, 0x0000000800000000)
  region size 4096K, 3 young (12288K), 3 survivors (12288K)
 Metaspace       used 31579K, committed 32512K, reserved 1081344K
  class space    used 3953K, committed 4352K, reserved 1048576K
}
Event: 3.475 GC heap before
{Heap before GC invocations=13 (full 0):
 garbage-first heap   total 266240K, used 159023K [0x000000060d800000, 0x0000000800000000)
  region size 4096K, 22 young (90112K), 3 survivors (12288K)
 Metaspace       used 35229K, committed 36160K, reserved 1081344K
  class space    used 4362K, committed 4800K, reserved 1048576K
}
Event: 3.477 GC heap after
{Heap after GC invocations=14 (full 0):
 garbage-first heap   total 266240K, used 86469K [0x000000060d800000, 0x0000000800000000)
  region size 4096K, 3 young (12288K), 3 survivors (12288K)
 Metaspace       used 35229K, committed 36160K, reserved 1081344K
  class space    used 4362K, committed 4800K, reserved 1048576K
}
Event: 3.824 GC heap before
{Heap before GC invocations=15 (full 0):
 garbage-first heap   total 266240K, used 217541K [0x000000060d800000, 0x0000000800000000)
  region size 4096K, 35 young (143360K), 3 survivors (12288K)
 Metaspace       used 40828K, committed 41856K, reserved 1089536K
  class space    used 5370K, committed 5824K, reserved 1048576K
}
Event: 3.829 GC heap after
{Heap after GC invocations=16 (full 0):
 garbage-first heap   total 266240K, used 94429K [0x000000060d800000, 0x0000000800000000)
  region size 4096K, 5 young (20480K), 5 survivors (20480K)
 Metaspace       used 40828K, committed 41856K, reserved 1089536K
  class space    used 5370K, committed 5824K, reserved 1048576K
}
Event: 3.974 GC heap before
{Heap before GC invocations=16 (full 0):
 garbage-first heap   total 266240K, used 213213K [0x000000060d800000, 0x0000000800000000)
  region size 4096K, 34 young (139264K), 5 survivors (20480K)
 Metaspace       used 41974K, committed 42944K, reserved 1089536K
  class space    used 5561K, committed 6016K, reserved 1048576K
}
Event: 3.984 GC heap after
{Heap after GC invocations=17 (full 0):
 garbage-first heap   total 319488K, used 106753K [0x000000060d800000, 0x0000000800000000)
  region size 4096K, 5 young (20480K), 5 survivors (20480K)
 Metaspace       used 41974K, committed 42944K, reserved 1089536K
  class space    used 5561K, committed 6016K, reserved 1048576K
}
Event: 4.125 GC heap before
{Heap before GC invocations=17 (full 0):
 garbage-first heap   total 319488K, used 254209K [0x000000060d800000, 0x0000000800000000)
  region size 4096K, 41 young (167936K), 5 survivors (20480K)
 Metaspace       used 42617K, committed 43584K, reserved 1089536K
  class space    used 5648K, committed 6080K, reserved 1048576K
}
Event: 4.135 GC heap after
{Heap after GC invocations=18 (full 0):
 garbage-first heap   total 319488K, used 121551K [0x000000060d800000, 0x0000000800000000)
  region size 4096K, 6 young (24576K), 6 survivors (24576K)
 Metaspace       used 42617K, committed 43584K, reserved 1089536K
  class space    used 5648K, committed 6080K, reserved 1048576K
}
Event: 4.569 GC heap before
{Heap before GC invocations=18 (full 0):
 garbage-first heap   total 319488K, used 256719K [0x000000060d800000, 0x0000000800000000)
  region size 4096K, 39 young (159744K), 6 survivors (24576K)
 Metaspace       used 49317K, committed 50304K, reserved 1097728K
  class space    used 6801K, committed 7232K, reserved 1048576K
}
Event: 4.578 GC heap after
{Heap after GC invocations=19 (full 0):
 garbage-first heap   total 319488K, used 143587K [0x000000060d800000, 0x0000000800000000)
  region size 4096K, 5 young (20480K), 5 survivors (20480K)
 Metaspace       used 49317K, committed 50304K, reserved 1097728K
  class space    used 6801K, committed 7232K, reserved 1048576K
}
Event: 4.973 GC heap before
{Heap before GC invocations=19 (full 0):
 garbage-first heap   total 319488K, used 245987K [0x000000060d800000, 0x0000000800000000)
  region size 4096K, 30 young (122880K), 5 survivors (20480K)
 Metaspace       used 57289K, committed 58432K, reserved 1105920K
  class space    used 8513K, committed 9024K, reserved 1048576K
}
Event: 4.977 GC heap after
{Heap after GC invocations=20 (full 0):
 garbage-first heap   total 319488K, used 154096K [0x000000060d800000, 0x0000000800000000)
  region size 4096K, 2 young (8192K), 2 survivors (8192K)
 Metaspace       used 57289K, committed 58432K, reserved 1105920K
  class space    used 8513K, committed 9024K, reserved 1048576K
}
Event: 5.158 GC heap before
{Heap before GC invocations=20 (full 0):
 garbage-first heap   total 319488K, used 227824K [0x000000060d800000, 0x0000000800000000)
  region size 4096K, 21 young (86016K), 2 survivors (8192K)
 Metaspace       used 59668K, committed 60736K, reserved 1105920K
  class space    used 8982K, committed 9472K, reserved 1048576K
}
Event: 5.161 GC heap after
{Heap after GC invocations=21 (full 0):
 garbage-first heap   total 442368K, used 154448K [0x000000060d800000, 0x0000000800000000)
  region size 4096K, 2 young (8192K), 2 survivors (8192K)
 Metaspace       used 59668K, committed 60736K, reserved 1105920K
  class space    used 8982K, committed 9472K, reserved 1048576K
}

