# JRE version: OpenJDK Runtime Environment Temurin-17.0.3+7 (17.0.3+7) (build 17.0.3+7)
# Java VM: OpenJDK 64-Bit Server VM Temurin-17.0.3+7 (17.0.3+7, mixed mode, sharing, tiered, compressed oops, compressed class ptrs, g1 gc, windows-amd64)
GC Precious Log:
 CPUs: 24 total, 24 available
 Memory: 31899M
 Large Page Support: Disabled
 NUMA Support: Disabled
 Compressed Oops: Enabled (Zero based)
 Heap Region Size: 4M
 Heap Min Capacity: 8M
 Heap Initial Capacity: 500M
 Heap Max Capacity: 7976M
 Pre-touch: Disabled
 Parallel Workers: 18
 Concurrent Workers: 5
 Concurrent Refinement Workers: 18
 Periodic GC: Disabled
Heap:
 garbage-first heap   total 364544K, used 282361K [0x000000060d800000, 0x0000000800000000)
  region size 4096K, 33 young (135168K), 2 survivors (8192K)
 Metaspace       used 65880K, committed 67072K, reserved 1105920K
  class space    used 9960K, committed 10496K, reserved 1048576K
GC Heap History (20 events):
Event: 2.461 GC heap before
{Heap before GC invocations=10 (full 0):
 garbage-first heap   total 282624K, used 209492K [0x000000060d800000, 0x0000000800000000)
  region size 4096K, 35 young (143360K), 1 survivors (4096K)
 Metaspace       used 27894K, committed 28672K, reserved 1081344K
  class space    used 3450K, committed 3776K, reserved 1048576K
}
Event: 2.462 GC heap after
{Heap after GC invocations=11 (full 0):
 garbage-first heap   total 282624K, used 75017K [0x000000060d800000, 0x0000000800000000)
  region size 4096K, 1 young (4096K), 1 survivors (4096K)
 Metaspace       used 27894K, committed 28672K, reserved 1081344K
  class space    used 3450K, committed 3776K, reserved 1048576K
}
Event: 2.646 GC heap before
{Heap before GC invocations=11 (full 0):
 garbage-first heap   total 282624K, used 234761K [0x000000060d800000, 0x0000000800000000)
  region size 4096K, 37 young (151552K), 1 survivors (4096K)
 Metaspace       used 29915K, committed 30848K, reserved 1081344K
  class space    used 3730K, committed 4160K, reserved 1048576K
}
Event: 2.648 GC heap after
{Heap after GC invocations=12 (full 0):
 garbage-first heap   total 282624K, used 90607K [0x000000060d800000, 0x0000000800000000)
  region size 4096K, 2 young (8192K), 2 survivors (8192K)
 Metaspace       used 29915K, committed 30848K, reserved 1081344K
  class space    used 3730K, committed 4160K, reserved 1048576K
}
Event: 3.013 GC heap before
{Heap before GC invocations=12 (full 0):
 garbage-first heap   total 282624K, used 225775K [0x000000060d800000, 0x0000000800000000)
  region size 4096K, 35 young (143360K), 2 survivors (8192K)
 Metaspace       used 32479K, committed 33408K, reserved 1081344K
  class space    used 4070K, committed 4480K, reserved 1048576K
}
Event: 3.015 GC heap after
{Heap after GC invocations=13 (full 0):
 garbage-first heap   total 282624K, used 93178K [0x000000060d800000, 0x0000000800000000)
  region size 4096K, 3 young (12288K), 3 survivors (12288K)
 Metaspace       used 32479K, committed 33408K, reserved 1081344K
  class space    used 4070K, committed 4480K, reserved 1048576K
}
Event: 3.143 GC heap before
{Heap before GC invocations=13 (full 0):
 garbage-first heap   total 282624K, used 130042K [0x000000060d800000, 0x0000000800000000)
  region size 4096K, 13 young (53248K), 3 survivors (12288K)
 Metaspace       used 35034K, committed 35968K, reserved 1081344K
  class space    used 4323K, committed 4736K, reserved 1048576K
}
Event: 3.145 GC heap after
{Heap after GC invocations=14 (full 0):
 garbage-first heap   total 282624K, used 93834K [0x000000060d800000, 0x0000000800000000)
  region size 4096K, 3 young (12288K), 3 survivors (12288K)
 Metaspace       used 35034K, committed 35968K, reserved 1081344K
  class space    used 4323K, committed 4736K, reserved 1048576K
}
Event: 3.474 GC heap before
{Heap before GC invocations=15 (full 0):
 garbage-first heap   total 282624K, used 229002K [0x000000060d800000, 0x0000000800000000)
  region size 4096K, 36 young (147456K), 3 survivors (12288K)
 Metaspace       used 40933K, committed 41856K, reserved 1089536K
  class space    used 5385K, committed 5824K, reserved 1048576K
}
Event: 3.479 GC heap after
{Heap after GC invocations=16 (full 0):
 garbage-first heap   total 282624K, used 102796K [0x000000060d800000, 0x0000000800000000)
  region size 4096K, 5 young (20480K), 5 survivors (20480K)
 Metaspace       used 40933K, committed 41856K, reserved 1089536K
  class space    used 5385K, committed 5824K, reserved 1048576K
}
Event: 3.622 GC heap before
{Heap before GC invocations=16 (full 0):
 garbage-first heap   total 282624K, used 229772K [0x000000060d800000, 0x0000000800000000)
  region size 4096K, 36 young (147456K), 5 survivors (20480K)
 Metaspace       used 42084K, committed 43072K, reserved 1089536K
  class space    used 5577K, committed 6016K, reserved 1048576K
}
Event: 3.631 GC heap after
{Heap after GC invocations=17 (full 0):
 garbage-first heap   total 282624K, used 114943K [0x000000060d800000, 0x0000000800000000)
  region size 4096K, 5 young (20480K), 5 survivors (20480K)
 Metaspace       used 42084K, committed 43072K, reserved 1089536K
  class space    used 5577K, committed 6016K, reserved 1048576K
}
Event: 3.720 GC heap before
{Heap before GC invocations=17 (full 0):
 garbage-first heap   total 282624K, used 225535K [0x000000060d800000, 0x0000000800000000)
  region size 4096K, 32 young (131072K), 5 survivors (20480K)
 Metaspace       used 42460K, committed 43392K, reserved 1089536K
  class space    used 5624K, committed 6016K, reserved 1048576K
}
Event: 3.728 GC heap after
{Heap after GC invocations=18 (full 0):
 garbage-first heap   total 364544K, used 127507K [0x000000060d800000, 0x0000000800000000)
  region size 4096K, 3 young (12288K), 3 survivors (12288K)
 Metaspace       used 42460K, committed 43392K, reserved 1089536K
  class space    used 5624K, committed 6016K, reserved 1048576K
}
Event: 4.140 GC heap before
{Heap before GC invocations=18 (full 0):
 garbage-first heap   total 364544K, used 287251K [0x000000060d800000, 0x0000000800000000)
  region size 4096K, 42 young (172032K), 3 survivors (12288K)
 Metaspace       used 49112K, committed 50176K, reserved 1097728K
  class space    used 6729K, committed 7232K, reserved 1048576K
}
Event: 4.146 GC heap after
{Heap after GC invocations=19 (full 0):
 garbage-first heap   total 364544K, used 151117K [0x000000060d800000, 0x0000000800000000)
  region size 4096K, 6 young (24576K), 6 survivors (24576K)
 Metaspace       used 49112K, committed 50176K, reserved 1097728K
  class space    used 6729K, committed 7232K, reserved 1048576K
}
Event: 4.551 GC heap before
{Heap before GC invocations=19 (full 0):
 garbage-first heap   total 364544K, used 282189K [0x000000060d800000, 0x0000000800000000)
  region size 4096K, 38 young (155648K), 6 survivors (24576K)
 Metaspace       used 57400K, committed 58496K, reserved 1105920K
  class space    used 8521K, committed 9024K, reserved 1048576K
}
Event: 4.557 GC heap after
{Heap after GC invocations=20 (full 0):
 garbage-first heap   total 364544K, used 159683K [0x000000060d800000, 0x0000000800000000)
  region size 4096K, 2 young (8192K), 2 survivors (8192K)
 Metaspace       used 57400K, committed 58496K, reserved 1105920K
  class space    used 8521K, committed 9024K, reserved 1048576K
}
Event: 4.650 GC heap before
{Heap before GC invocations=20 (full 0):
 garbage-first heap   total 364544K, used 196547K [0x000000060d800000, 0x0000000800000000)
  region size 4096K, 12 young (49152K), 2 survivors (8192K)
 Metaspace       used 59061K, committed 60160K, reserved 1105920K
  class space    used 8858K, committed 9344K, reserved 1048576K
}
Event: 4.652 GC heap after
{Heap after GC invocations=21 (full 0):
 garbage-first heap   total 364544K, used 159481K [0x000000060d800000, 0x0000000800000000)
  region size 4096K, 2 young (8192K), 2 survivors (8192K)
 Metaspace       used 59061K, committed 60160K, reserved 1105920K
  class space    used 8858K, committed 9344K, reserved 1048576K
}

