# JRE version: OpenJDK Runtime Environment Temurin-17.0.3+7 (17.0.3+7) (build 17.0.3+7)
# Java VM: OpenJDK 64-Bit Server VM Temurin-17.0.3+7 (17.0.3+7, mixed mode, sharing, tiered, compressed oops, compressed class ptrs, g1 gc, windows-amd64)
GC Precious Log:
 CPUs: 24 total, 24 available
 Memory: 31899M
 Large Page Support: Disabled
 NUMA Support: Disabled
 Compressed Oops: Enabled (Zero based)
 Heap Region Size: 4M
 Heap Min Capacity: 8M
 Heap Initial Capacity: 500M
 Heap Max Capacity: 7976M
 Pre-touch: Disabled
 Parallel Workers: 18
 Concurrent Workers: 5
 Concurrent Refinement Workers: 18
 Periodic GC: Disabled
Heap:
 garbage-first heap   total 327680K, used 175999K [0x000000060d800000, 0x0000000800000000)
  region size 4096K, 8 young (32768K), 3 survivors (12288K)
 Metaspace       used 65885K, committed 67072K, reserved 1105920K
  class space    used 9954K, committed 10496K, reserved 1048576K
GC Heap History (20 events):
Event: 2.451 GC heap before
{Heap before GC invocations=11 (full 0):
 garbage-first heap   total 266240K, used 223648K [0x000000060d800000, 0x0000000800000000)
  region size 4096K, 36 young (147456K), 1 survivors (4096K)
 Metaspace       used 29930K, committed 30784K, reserved 1081344K
  class space    used 3725K, committed 4096K, reserved 1048576K
}
Event: 2.453 GC heap after
{Heap after GC invocations=12 (full 0):
 garbage-first heap   total 266240K, used 82672K [0x000000060d800000, 0x0000000800000000)
  region size 4096K, 2 young (8192K), 2 survivors (8192K)
 Metaspace       used 29930K, committed 30784K, reserved 1081344K
  class space    used 3725K, committed 4096K, reserved 1048576K
}
Event: 2.601 GC heap before
{Heap before GC invocations=12 (full 0):
 garbage-first heap   total 266240K, used 209648K [0x000000060d800000, 0x0000000800000000)
  region size 4096K, 33 young (135168K), 2 survivors (8192K)
 Metaspace       used 31449K, committed 32256K, reserved 1081344K
  class space    used 3927K, committed 4288K, reserved 1048576K
}
Event: 2.602 GC heap after
{Heap after GC invocations=13 (full 0):
 garbage-first heap   total 266240K, used 85300K [0x000000060d800000, 0x0000000800000000)
  region size 4096K, 2 young (8192K), 2 survivors (8192K)
 Metaspace       used 31449K, committed 32256K, reserved 1081344K
  class space    used 3927K, committed 4288K, reserved 1048576K
}
Event: 2.944 GC heap before
{Heap before GC invocations=13 (full 0):
 garbage-first heap   total 266240K, used 212276K [0x000000060d800000, 0x0000000800000000)
  region size 4096K, 34 young (139264K), 2 survivors (8192K)
 Metaspace       used 35069K, committed 35968K, reserved 1081344K
  class space    used 4321K, committed 4736K, reserved 1048576K
}
Event: 2.947 GC heap after
{Heap after GC invocations=14 (full 0):
 garbage-first heap   total 266240K, used 87397K [0x000000060d800000, 0x0000000800000000)
  region size 4096K, 3 young (12288K), 3 survivors (12288K)
 Metaspace       used 35069K, committed 35968K, reserved 1081344K
  class space    used 4321K, committed 4736K, reserved 1048576K
}
Event: 3.263 GC heap before
{Heap before GC invocations=15 (full 0):
 garbage-first heap   total 266240K, used 214373K [0x000000060d800000, 0x0000000800000000)
  region size 4096K, 34 young (139264K), 3 survivors (12288K)
 Metaspace       used 40937K, committed 41920K, reserved 1089536K
  class space    used 5380K, committed 5824K, reserved 1048576K
}
Event: 3.268 GC heap after
{Heap after GC invocations=16 (full 0):
 garbage-first heap   total 266240K, used 95258K [0x000000060d800000, 0x0000000800000000)
  region size 4096K, 5 young (20480K), 5 survivors (20480K)
 Metaspace       used 40937K, committed 41920K, reserved 1089536K
  class space    used 5380K, committed 5824K, reserved 1048576K
}
Event: 3.405 GC heap before
{Heap before GC invocations=16 (full 0):
 garbage-first heap   total 266240K, used 209946K [0x000000060d800000, 0x0000000800000000)
  region size 4096K, 33 young (135168K), 5 survivors (20480K)
 Metaspace       used 42079K, committed 42944K, reserved 1089536K
  class space    used 5570K, committed 5952K, reserved 1048576K
}
Event: 3.413 GC heap after
{Heap after GC invocations=17 (full 0):
 garbage-first heap   total 266240K, used 106454K [0x000000060d800000, 0x0000000800000000)
  region size 4096K, 5 young (20480K), 5 survivors (20480K)
 Metaspace       used 42079K, committed 42944K, reserved 1089536K
  class space    used 5570K, committed 5952K, reserved 1048576K
}
Event: 3.477 GC heap before
{Heap before GC invocations=17 (full 0):
 garbage-first heap   total 266240K, used 208854K [0x000000060d800000, 0x0000000800000000)
  region size 4096K, 30 young (122880K), 5 survivors (20480K)
 Metaspace       used 42219K, committed 43200K, reserved 1089536K
  class space    used 5590K, committed 6016K, reserved 1048576K
}
Event: 3.484 GC heap after
{Heap after GC invocations=18 (full 0):
 garbage-first heap   total 327680K, used 119019K [0x000000060d800000, 0x0000000800000000)
  region size 4096K, 3 young (12288K), 3 survivors (12288K)
 Metaspace       used 42219K, committed 43200K, reserved 1089536K
  class space    used 5590K, committed 6016K, reserved 1048576K
}
Event: 3.761 GC heap before
{Heap before GC invocations=18 (full 0):
 garbage-first heap   total 327680K, used 254187K [0x000000060d800000, 0x0000000800000000)
  region size 4096K, 36 young (147456K), 3 survivors (12288K)
 Metaspace       used 47065K, committed 48064K, reserved 1097728K
  class space    used 6306K, committed 6784K, reserved 1048576K
}
Event: 3.766 GC heap after
{Heap after GC invocations=19 (full 0):
 garbage-first heap   total 327680K, used 127407K [0x000000060d800000, 0x0000000800000000)
  region size 4096K, 5 young (20480K), 5 survivors (20480K)
 Metaspace       used 47065K, committed 48064K, reserved 1097728K
  class space    used 6306K, committed 6784K, reserved 1048576K
}
Event: 4.171 GC heap before
{Heap before GC invocations=19 (full 0):
 garbage-first heap   total 327680K, used 258479K [0x000000060d800000, 0x0000000800000000)
  region size 4096K, 37 young (151552K), 5 survivors (20480K)
 Metaspace       used 55418K, committed 56448K, reserved 1097728K
  class space    used 8174K, committed 8640K, reserved 1048576K
}
Event: 4.178 GC heap after
{Heap after GC invocations=20 (full 0):
 garbage-first heap   total 327680K, used 145914K [0x000000060d800000, 0x0000000800000000)
  region size 4096K, 5 young (20480K), 5 survivors (20480K)
 Metaspace       used 55418K, committed 56448K, reserved 1097728K
  class space    used 8174K, committed 8640K, reserved 1048576K
}
Event: 4.426 GC heap before
{Heap before GC invocations=20 (full 0):
 garbage-first heap   total 327680K, used 236026K [0x000000060d800000, 0x0000000800000000)
  region size 4096K, 28 young (114688K), 5 survivors (20480K)
 Metaspace       used 59125K, committed 60288K, reserved 1105920K
  class space    used 8862K, committed 9408K, reserved 1048576K
}
Event: 4.430 GC heap after
{Heap after GC invocations=21 (full 0):
 garbage-first heap   total 327680K, used 153964K [0x000000060d800000, 0x0000000800000000)
  region size 4096K, 2 young (8192K), 2 survivors (8192K)
 Metaspace       used 59125K, committed 60288K, reserved 1105920K
  class space    used 8862K, committed 9408K, reserved 1048576K
}
Event: 4.820 GC heap before
{Heap before GC invocations=22 (full 0):
 garbage-first heap   total 327680K, used 260460K [0x000000060d800000, 0x0000000800000000)
  region size 4096K, 28 young (114688K), 2 survivors (8192K)
 Metaspace       used 64914K, committed 66112K, reserved 1105920K
  class space    used 9774K, committed 10304K, reserved 1048576K
}
Event: 4.823 GC heap after
{Heap after GC invocations=23 (full 0):
 garbage-first heap   total 327680K, used 159615K [0x000000060d800000, 0x0000000800000000)
  region size 4096K, 3 young (12288K), 3 survivors (12288K)
 Metaspace       used 64914K, committed 66112K, reserved 1105920K
  class space    used 9774K, committed 10304K, reserved 1048576K
}

