# JRE version: OpenJDK Runtime Environment Temurin-17.0.3+7 (17.0.3+7) (build 17.0.3+7)
# Java VM: OpenJDK 64-Bit Server VM Temurin-17.0.3+7 (17.0.3+7, mixed mode, sharing, tiered, compressed oops, compressed class ptrs, g1 gc, windows-amd64)
GC Precious Log:
 CPUs: 24 total, 24 available
 Memory: 31899M
 Large Page Support: Disabled
 NUMA Support: Disabled
 Compressed Oops: Enabled (Zero based)
 Heap Region Size: 4M
 Heap Min Capacity: 8M
 Heap Initial Capacity: 500M
 Heap Max Capacity: 7976M
 Pre-touch: Disabled
 Parallel Workers: 18
 Concurrent Workers: 5
 Concurrent Refinement Workers: 18
 Periodic GC: Disabled
Heap:
 garbage-first heap   total 352256K, used 276760K [0x000000060d800000, 0x0000000800000000)
  region size 4096K, 32 young (131072K), 2 survivors (8192K)
 Metaspace       used 65901K, committed 67072K, reserved 1105920K
  class space    used 9957K, committed 10496K, reserved 1048576K
GC Heap History (20 events):
Event: 2.381 GC heap before
{Heap before GC invocations=10 (full 0):
 garbage-first heap   total 282624K, used 211836K [0x000000060d800000, 0x0000000800000000)
  region size 4096K, 35 young (143360K), 1 survivors (4096K)
 Metaspace       used 28218K, committed 28992K, reserved 1081344K
  class space    used 3490K, committed 3840K, reserved 1048576K
}
Event: 2.383 GC heap after
{Heap after GC invocations=11 (full 0):
 garbage-first heap   total 282624K, used 73322K [0x000000060d800000, 0x0000000800000000)
  region size 4096K, 1 young (4096K), 1 survivors (4096K)
 Metaspace       used 28218K, committed 28992K, reserved 1081344K
  class space    used 3490K, committed 3840K, reserved 1048576K
}
Event: 2.557 GC heap before
{Heap before GC invocations=11 (full 0):
 garbage-first heap   total 282624K, used 233066K [0x000000060d800000, 0x0000000800000000)
  region size 4096K, 37 young (151552K), 1 survivors (4096K)
 Metaspace       used 30680K, committed 31552K, reserved 1081344K
  class space    used 3812K, committed 4224K, reserved 1048576K
}
Event: 2.559 GC heap after
{Heap after GC invocations=12 (full 0):
 garbage-first heap   total 282624K, used 88728K [0x000000060d800000, 0x0000000800000000)
  region size 4096K, 2 young (8192K), 2 survivors (8192K)
 Metaspace       used 30680K, committed 31552K, reserved 1081344K
  class space    used 3812K, committed 4224K, reserved 1048576K
}
Event: 2.862 GC heap before
{Heap before GC invocations=12 (full 0):
 garbage-first heap   total 282624K, used 223896K [0x000000060d800000, 0x0000000800000000)
  region size 4096K, 35 young (143360K), 2 survivors (8192K)
 Metaspace       used 32546K, committed 33472K, reserved 1081344K
  class space    used 4072K, committed 4480K, reserved 1048576K
}
Event: 2.865 GC heap after
{Heap after GC invocations=13 (full 0):
 garbage-first heap   total 282624K, used 91757K [0x000000060d800000, 0x0000000800000000)
  region size 4096K, 3 young (12288K), 3 survivors (12288K)
 Metaspace       used 32546K, committed 33472K, reserved 1081344K
  class space    used 4072K, committed 4480K, reserved 1048576K
}
Event: 3.003 GC heap before
{Heap before GC invocations=13 (full 0):
 garbage-first heap   total 282624K, used 124525K [0x000000060d800000, 0x0000000800000000)
  region size 4096K, 13 young (53248K), 3 survivors (12288K)
 Metaspace       used 35037K, committed 35968K, reserved 1081344K
  class space    used 4319K, committed 4736K, reserved 1048576K
}
Event: 3.005 GC heap after
{Heap after GC invocations=14 (full 0):
 garbage-first heap   total 282624K, used 92245K [0x000000060d800000, 0x0000000800000000)
  region size 4096K, 3 young (12288K), 3 survivors (12288K)
 Metaspace       used 35037K, committed 35968K, reserved 1081344K
  class space    used 4319K, committed 4736K, reserved 1048576K
}
Event: 3.347 GC heap before
{Heap before GC invocations=15 (full 0):
 garbage-first heap   total 282624K, used 231509K [0x000000060d800000, 0x0000000800000000)
  region size 4096K, 37 young (151552K), 3 survivors (12288K)
 Metaspace       used 40952K, committed 41920K, reserved 1089536K
  class space    used 5382K, committed 5824K, reserved 1048576K
}
Event: 3.352 GC heap after
{Heap after GC invocations=16 (full 0):
 garbage-first heap   total 282624K, used 100563K [0x000000060d800000, 0x0000000800000000)
  region size 4096K, 5 young (20480K), 5 survivors (20480K)
 Metaspace       used 40952K, committed 41920K, reserved 1089536K
  class space    used 5382K, committed 5824K, reserved 1048576K
}
Event: 3.513 GC heap before
{Heap before GC invocations=16 (full 0):
 garbage-first heap   total 282624K, used 227539K [0x000000060d800000, 0x0000000800000000)
  region size 4096K, 36 young (147456K), 5 survivors (20480K)
 Metaspace       used 42097K, committed 43008K, reserved 1089536K
  class space    used 5572K, committed 5952K, reserved 1048576K
}
Event: 3.522 GC heap after
{Heap after GC invocations=17 (full 0):
 garbage-first heap   total 282624K, used 113432K [0x000000060d800000, 0x0000000800000000)
  region size 4096K, 5 young (20480K), 5 survivors (20480K)
 Metaspace       used 42097K, committed 43008K, reserved 1089536K
  class space    used 5572K, committed 5952K, reserved 1048576K
}
Event: 3.617 GC heap before
{Heap before GC invocations=17 (full 0):
 garbage-first heap   total 282624K, used 224024K [0x000000060d800000, 0x0000000800000000)
  region size 4096K, 32 young (131072K), 5 survivors (20480K)
 Metaspace       used 42557K, committed 43520K, reserved 1089536K
  class space    used 5636K, committed 6016K, reserved 1048576K
}
Event: 3.626 GC heap after
{Heap after GC invocations=18 (full 0):
 garbage-first heap   total 352256K, used 125959K [0x000000060d800000, 0x0000000800000000)
  region size 4096K, 3 young (12288K), 3 survivors (12288K)
 Metaspace       used 42557K, committed 43520K, reserved 1089536K
  class space    used 5636K, committed 6016K, reserved 1048576K
}
Event: 4.007 GC heap before
{Heap before GC invocations=18 (full 0):
 garbage-first heap   total 352256K, used 277511K [0x000000060d800000, 0x0000000800000000)
  region size 4096K, 40 young (163840K), 3 survivors (12288K)
 Metaspace       used 48821K, committed 49792K, reserved 1097728K
  class space    used 6635K, committed 7104K, reserved 1048576K
}
Event: 4.012 GC heap after
{Heap after GC invocations=19 (full 0):
 garbage-first heap   total 352256K, used 148725K [0x000000060d800000, 0x0000000800000000)
  region size 4096K, 5 young (20480K), 5 survivors (20480K)
 Metaspace       used 48821K, committed 49792K, reserved 1097728K
  class space    used 6635K, committed 7104K, reserved 1048576K
}
Event: 4.370 GC heap before
{Heap before GC invocations=19 (full 0):
 garbage-first heap   total 352256K, used 267509K [0x000000060d800000, 0x0000000800000000)
  region size 4096K, 34 young (139264K), 5 survivors (20480K)
 Metaspace       used 57407K, committed 58496K, reserved 1105920K
  class space    used 8519K, committed 9024K, reserved 1048576K
}
Event: 4.375 GC heap after
{Heap after GC invocations=20 (full 0):
 garbage-first heap   total 352256K, used 158620K [0x000000060d800000, 0x0000000800000000)
  region size 4096K, 2 young (8192K), 2 survivors (8192K)
 Metaspace       used 57407K, committed 58496K, reserved 1105920K
  class space    used 8519K, committed 9024K, reserved 1048576K
}
Event: 4.516 GC heap before
{Heap before GC invocations=20 (full 0):
 garbage-first heap   total 352256K, used 215964K [0x000000060d800000, 0x0000000800000000)
  region size 4096K, 17 young (69632K), 2 survivors (8192K)
 Metaspace       used 59147K, committed 60288K, reserved 1105920K
  class space    used 8870K, committed 9408K, reserved 1048576K
}
Event: 4.519 GC heap after
{Heap after GC invocations=21 (full 0):
 garbage-first heap   total 352256K, used 157976K [0x000000060d800000, 0x0000000800000000)
  region size 4096K, 2 young (8192K), 2 survivors (8192K)
 Metaspace       used 59147K, committed 60288K, reserved 1105920K
  class space    used 8870K, committed 9408K, reserved 1048576K
}

